{
  "RSpec": {
    "coverage": {
      "/Users/joespraggon/coding-projects/makers-fulltime/bank-tech-test/spec/account_spec.rb": {
        "lines": [
          1,
          null,
          1,
          null,
          3,
          null,
          1,
          1,
          null,
          null,
          1,
          1,
          null,
          null,
          1,
          1,
          null,
          1,
          1,
          1,
          null,
          null,
          1,
          null,
          1,
          1,
          1,
          null,
          null,
          1,
          1,
          null,
          1,
          1,
          null,
          null,
          null,
          null,
          1,
          null,
          1,
          1,
          1,
          null,
          null,
          1,
          1,
          1,
          1,
          null,
          null,
          null,
          null,
          1,
          null,
          1,
          1,
          null,
          1,
          2,
          null,
          null,
          null,
          1,
          1,
          null,
          1,
          1,
          2,
          null,
          null,
          null,
          1,
          1,
          null,
          1,
          1,
          2,
          null,
          null,
          null,
          null,
          null,
          null
        ]
      },
      "/Users/joespraggon/coding-projects/makers-fulltime/bank-tech-test/lib/account.rb": {
        "lines": [
          1,
          1,
          null,
          1,
          1,
          null,
          1,
          10,
          10,
          null,
          null,
          1,
          7,
          null,
          null,
          1,
          4,
          null,
          null,
          1,
          3,
          3,
          null,
          null,
          null,
          null,
          1,
          null,
          1,
          7,
          7,
          7,
          null,
          null,
          1,
          4,
          4,
          4,
          null,
          null,
          null,
          null
        ]
      },
      "/Users/joespraggon/coding-projects/makers-fulltime/bank-tech-test/lib/statement.rb": {
        "lines": [
          1,
          null,
          1,
          3,
          null,
          null,
          1,
          3,
          3,
          null,
          null,
          null,
          null,
          1,
          null,
          1,
          3,
          3,
          5,
          5,
          4,
          null,
          1,
          null,
          5,
          null,
          null,
          null,
          1,
          3,
          3,
          3,
          null,
          null,
          1,
          3,
          null,
          null,
          1,
          5,
          null,
          null,
          1,
          4,
          null,
          null,
          1,
          1,
          null,
          null,
          null
        ]
      },
      "/Users/joespraggon/coding-projects/makers-fulltime/bank-tech-test/lib/transaction.rb": {
        "lines": [
          null,
          null,
          null,
          null,
          null,
          null,
          null,
          null,
          null,
          null,
          null,
          null,
          null
        ]
      }
    },
    "timestamp": 1615310276
  }
}
