{
  "RSpec": {
    "coverage": {
      "/Users/joespraggon/coding-projects/makers-fulltime/bank-tech-test/spec/account_spec.rb": {
        "lines": [
          null,
          null,
          1,
          null,
          1,
          1,
          1,
          null,
          null,
          1,
          1,
          null,
          1,
          1,
          1,
          null,
          null,
          1,
          1,
          1,
          null,
          1,
          1,
          null,
          null,
          null,
          1,
          1,
          1,
          1,
          1,
          1,
          null,
          null,
          null,
          1,
          1,
          1,
          null,
          1,
          2,
          null,
          null,
          null,
          null,
          1,
          1,
          null,
          1,
          1,
          2,
          null,
          null,
          null,
          null,
          1,
          1,
          null,
          1,
          1,
          2,
          null,
          null,
          null,
          null,
          null
        ]
      },
      "/Users/joespraggon/coding-projects/makers-fulltime/bank-tech-test/lib/account.rb": {
        "lines": [
          null,
          null,
          1,
          null,
          null,
          1,
          1,
          null,
          1,
          7,
          null,
          null,
          1,
          7,
          7,
          null,
          null,
          1,
          3,
          3,
          null,
          null,
          1,
          3,
          3,
          3,
          null,
          null
        ]
      },
      "/Users/joespraggon/coding-projects/makers-fulltime/bank-tech-test/lib/statement.rb": {
        "lines": [
          null,
          null,
          null,
          1,
          1,
          3,
          null,
          null,
          1,
          6,
          6,
          null,
          null,
          1,
          null,
          1,
          6,
          6,
          10,
          10,
          8,
          null,
          2,
          null,
          10,
          null,
          null,
          null,
          1,
          6,
          6,
          6,
          null,
          null,
          1,
          6,
          null,
          null,
          1,
          10,
          null,
          null,
          1,
          8,
          null,
          null,
          null,
          null,
          1,
          2,
          null,
          null,
          null,
          null
        ]
      }
    },
    "timestamp": 1615390345
  }
}
